<?xml version="1.0" encoding="UTF-8"?>
<!-- Generated by org.testng.reporters.JUnitReportReporter -->
<testsuite skipped="1" hostname="DESKTOP-CP4RQU0" name="mavenBlog1.validateTitle" tests="1" failures="0" timestamp="2019-12-24T16:59:56 IST" time="0.000" errors="0">
  <testcase name="validateAppTitle" time="0.000" classname="mavenBlog1.validateTitle">
    <skipped/>
  </testcase> <!-- validateAppTitle -->
</testsuite> <!-- mavenBlog1.validateTitle -->
