<?xml version="1.0" encoding="UTF-8"?>
<!-- Generated by org.testng.reporters.JUnitReportReporter -->
<testsuite skipped="2" hostname="DESKTOP-CP4RQU0" name="mavenBlog1.HomePage" tests="3" failures="0" timestamp="2019-12-24T16:59:56 IST" time="2.526" errors="1">
  <testcase name="basePageNavigation" time="0.000" classname="mavenBlog1.HomePage">
    <skipped/>
  </testcase> <!-- basePageNavigation -->
  <testcase name="initialize" time="2.526" classname="mavenBlog1.HomePage">
    <error type="org.openqa.selenium.SessionNotCreatedException" message="session not created: This version of ChromeDriver only supports Chrome version 77
Build info: version: &#039;3.141.59&#039;, revision: &#039;e82be7d358&#039;, time: &#039;2018-11-14T08:17:03&#039;
System info: host: &#039;DESKTOP-CP4RQU0&#039;, ip: &#039;192.168.137.1&#039;, os.name: &#039;Windows 10&#039;, os.arch: &#039;amd64&#039;, os.version: &#039;10.0&#039;, java.version: &#039;1.8.0_201&#039;
Driver info: driver.version: ChromeDriver
remote stacktrace: Backtrace:
	Ordinal0 [0x0031EB13+1501971]
	Ordinal0 [0x0029F6D1+980689]
	Ordinal0 [0x0022765F+489055]
	Ordinal0 [0x001BF2F4+62196]
	Ordinal0 [0x001BBCDA+48346]
	Ordinal0 [0x001D9800+169984]
	Ordinal0 [0x001D942D+169005]
	Ordinal0 [0x001D78EB+162027]
	Ordinal0 [0x001C0AC7+68295]
	Ordinal0 [0x001C1B40+72512]
	Ordinal0 [0x001C1AD9+72409]
	Ordinal0 [0x002B8F37+1085239]
	GetHandleVerifier [0x003BD7ED+503293]
	GetHandleVerifier [0x003BD580+502672]
	GetHandleVerifier [0x003C46AC+531644]
	GetHandleVerifier [0x003BDFFA+505354]
	Ordinal0 [0x002B0606+1050118]
	Ordinal0 [0x002B047F+1049727]
	Ordinal0 [0x002BAF9B+1093531]
	Ordinal0 [0x002BB103+1093891]
	Ordinal0 [0x002BA095+1089685]
	BaseThreadInitThunk [0x76E76359+25]
	RtlGetAppContainerNamedObjectPath [0x771F7B74+228]
	RtlGetAppContainerNamedObjectPath [0x771F7B44+180]
">
      <![CDATA[org.openqa.selenium.SessionNotCreatedException: session not created: This version of ChromeDriver only supports Chrome version 77
Build info: version: '3.141.59', revision: 'e82be7d358', time: '2018-11-14T08:17:03'
System info: host: 'DESKTOP-CP4RQU0', ip: '192.168.137.1', os.name: 'Windows 10', os.arch: 'amd64', os.version: '10.0', java.version: '1.8.0_201'
Driver info: driver.version: ChromeDriver
remote stacktrace: Backtrace:
Ordinal0 [0x0031EB13+1501971]
Ordinal0 [0x0029F6D1+980689]
Ordinal0 [0x0022765F+489055]
Ordinal0 [0x001BF2F4+62196]
Ordinal0 [0x001BBCDA+48346]
Ordinal0 [0x001D9800+169984]
Ordinal0 [0x001D942D+169005]
Ordinal0 [0x001D78EB+162027]
Ordinal0 [0x001C0AC7+68295]
Ordinal0 [0x001C1B40+72512]
Ordinal0 [0x001C1AD9+72409]
Ordinal0 [0x002B8F37+1085239]
GetHandleVerifier [0x003BD7ED+503293]
GetHandleVerifier [0x003BD580+502672]
GetHandleVerifier [0x003C46AC+531644]
GetHandleVerifier [0x003BDFFA+505354]
Ordinal0 [0x002B0606+1050118]
Ordinal0 [0x002B047F+1049727]
Ordinal0 [0x002BAF9B+1093531]
Ordinal0 [0x002BB103+1093891]
Ordinal0 [0x002BA095+1089685]
BaseThreadInitThunk [0x76E76359+25]
RtlGetAppContainerNamedObjectPath [0x771F7B74+228]
RtlGetAppContainerNamedObjectPath [0x771F7B44+180]

at sun.reflect.NativeConstructorAccessorImpl.newInstance0(Native Method)
at sun.reflect.NativeConstructorAccessorImpl.newInstance(NativeConstructorAccessorImpl.java:62)
at sun.reflect.DelegatingConstructorAccessorImpl.newInstance(DelegatingConstructorAccessorImpl.java:45)
at java.lang.reflect.Constructor.newInstance(Constructor.java:423)
at org.openqa.selenium.remote.W3CHandshakeResponse.lambda$errorHandler$0(W3CHandshakeResponse.java:62)
at org.openqa.selenium.remote.HandshakeResponse.lambda$getResponseFunction$0(HandshakeResponse.java:30)
at org.openqa.selenium.remote.ProtocolHandshake.lambda$createSession$0(ProtocolHandshake.java:126)
at java.util.stream.ReferencePipeline$3$1.accept(ReferencePipeline.java:193)
at java.util.Spliterators$ArraySpliterator.tryAdvance(Spliterators.java:958)
at java.util.stream.ReferencePipeline.forEachWithCancel(ReferencePipeline.java:126)
at java.util.stream.AbstractPipeline.copyIntoWithCancel(AbstractPipeline.java:498)
at java.util.stream.AbstractPipeline.copyInto(AbstractPipeline.java:485)
at java.util.stream.AbstractPipeline.wrapAndCopyInto(AbstractPipeline.java:471)
at java.util.stream.FindOps$FindOp.evaluateSequential(FindOps.java:152)
at java.util.stream.AbstractPipeline.evaluate(AbstractPipeline.java:234)
at java.util.stream.ReferencePipeline.findFirst(ReferencePipeline.java:464)
at org.openqa.selenium.remote.ProtocolHandshake.createSession(ProtocolHandshake.java:128)
at org.openqa.selenium.remote.ProtocolHandshake.createSession(ProtocolHandshake.java:74)
at org.openqa.selenium.remote.HttpCommandExecutor.execute(HttpCommandExecutor.java:136)
at org.openqa.selenium.remote.service.DriverCommandExecutor.execute(DriverCommandExecutor.java:83)
at org.openqa.selenium.remote.RemoteWebDriver.execute(RemoteWebDriver.java:552)
at org.openqa.selenium.remote.RemoteWebDriver.startSession(RemoteWebDriver.java:213)
at org.openqa.selenium.remote.RemoteWebDriver.<init>(RemoteWebDriver.java:131)
at org.openqa.selenium.chrome.ChromeDriver.<init>(ChromeDriver.java:181)
at org.openqa.selenium.chrome.ChromeDriver.<init>(ChromeDriver.java:168)
at org.openqa.selenium.chrome.ChromeDriver.<init>(ChromeDriver.java:123)
at resources.base.initializeDriver(base.java:34)
at mavenBlog1.HomePage.initialize(HomePage.java:25)
at sun.reflect.NativeMethodAccessorImpl.invoke0(Native Method)
at sun.reflect.NativeMethodAccessorImpl.invoke(NativeMethodAccessorImpl.java:62)
at sun.reflect.DelegatingMethodAccessorImpl.invoke(DelegatingMethodAccessorImpl.java:43)
at java.lang.reflect.Method.invoke(Method.java:498)
at org.testng.internal.MethodInvocationHelper.invokeMethod(MethodInvocationHelper.java:133)
at org.testng.internal.MethodInvocationHelper.invokeMethodConsideringTimeout(MethodInvocationHelper.java:62)
at org.testng.internal.ConfigInvoker.invokeConfigurationMethod(ConfigInvoker.java:340)
at org.testng.internal.ConfigInvoker.invokeConfigurations(ConfigInvoker.java:294)
at org.testng.TestRunner.invokeTestConfigurations(TestRunner.java:623)
at org.testng.TestRunner.beforeRun(TestRunner.java:613)
at org.testng.TestRunner.run(TestRunner.java:584)
at org.testng.SuiteRunner.runTest(SuiteRunner.java:402)
at org.testng.SuiteRunner.runSequentially(SuiteRunner.java:396)
at org.testng.SuiteRunner.privateRun(SuiteRunner.java:355)
at org.testng.SuiteRunner.run(SuiteRunner.java:304)
at org.testng.SuiteRunnerWorker.runSuite(SuiteRunnerWorker.java:53)
at org.testng.SuiteRunnerWorker.run(SuiteRunnerWorker.java:96)
at org.testng.TestNG.runSuitesSequentially(TestNG.java:1180)
at org.testng.TestNG.runSuitesLocally(TestNG.java:1102)
at org.testng.TestNG.runSuites(TestNG.java:1032)
at org.testng.TestNG.run(TestNG.java:1000)
at org.apache.maven.surefire.testng.TestNGExecutor.run(TestNGExecutor.java:283)
at org.apache.maven.surefire.testng.TestNGXmlTestSuite.execute(TestNGXmlTestSuite.java:75)
at org.apache.maven.surefire.testng.TestNGProvider.invoke(TestNGProvider.java:120)
at org.apache.maven.surefire.booter.ForkedBooter.invokeProviderInSameClassLoader(ForkedBooter.java:386)
at org.apache.maven.surefire.booter.ForkedBooter.runSuitesInProcess(ForkedBooter.java:323)
at org.apache.maven.surefire.booter.ForkedBooter.main(ForkedBooter.java:143)
]]>
    </error>
  </testcase> <!-- initialize -->
  <testcase name="basePageNavigation" time="0.000" classname="mavenBlog1.HomePage">
    <skipped/>
  </testcase> <!-- basePageNavigation -->
</testsuite> <!-- mavenBlog1.HomePage -->
