<?xml version="1.0" encoding="UTF-8"?>
<!-- Generated by org.testng.reporters.JUnitReportReporter -->
<testsuite skipped="0" hostname="DESKTOP-CP4RQU0" name="mavenBlog1.HomePage" tests="2" failures="0" timestamp="14 Dec 2019 06:36:44 GMT" time="17.972" errors="0">
  <testcase name="basePageNavigation" time="13.142" classname="mavenBlog1.HomePage"/>
  <testcase name="basePageNavigation" time="4.830" classname="mavenBlog1.HomePage"/>
</testsuite> <!-- mavenBlog1.HomePage -->
