<?xml version="1.0" encoding="UTF-8"?>
<!-- Generated by org.testng.reporters.JUnitReportReporter -->
<testsuite skipped="0" hostname="DESKTOP-CP4RQU0" name="mageBlog.HomePage" tests="2" failures="0" timestamp="05 Dec 2019 10:50:02 GMT" time="18.438" errors="0">
  <testcase name="basePageNavigation" time="13.841" classname="mageBlog.HomePage"/>
  <testcase name="basePageNavigation" time="4.597" classname="mageBlog.HomePage"/>
</testsuite> <!-- mageBlog.HomePage -->
