<?xml version="1.0" encoding="UTF-8"?>
<!-- Generated by org.testng.reporters.JUnitReportReporter -->
<testsuite skipped="0" hostname="DESKTOP-CP4RQU0" name="mageBlog.validateTitle" tests="1" failures="0" timestamp="05 Dec 2019 10:50:02 GMT" time="0.054" errors="0">
  <testcase name="validateAppTitle" time="0.054" classname="mageBlog.validateTitle"/>
</testsuite> <!-- mageBlog.validateTitle -->
