<?xml version="1.0" encoding="UTF-8"?>
<!-- Generated by org.testng.reporters.JUnitReportReporter -->
<testsuite skipped="0" hostname="DESKTOP-CP4RQU0" name="mavenBlog1.validateTitle" tests="1" failures="0" timestamp="14 Dec 2019 06:36:44 GMT" time="0.416" errors="0">
  <testcase name="validateAppTitle" time="0.416" classname="mavenBlog1.validateTitle"/>
</testsuite> <!-- mavenBlog1.validateTitle -->
