<?xml version="1.0" encoding="UTF-8"?>
<!-- Generated by org.testng.reporters.JUnitReportReporter -->
<testsuite skipped="0" hostname="DESKTOP-CP4RQU0" name="mavenBlog1.validateNavigationBar" tests="1" failures="0" timestamp="14 Dec 2019 06:36:44 GMT" time="0.060" errors="0">
  <testcase name="validateAppNavBar" time="0.060" classname="mavenBlog1.validateNavigationBar"/>
</testsuite> <!-- mavenBlog1.validateNavigationBar -->
