<?xml version="1.0" encoding="UTF-8"?>
<!-- Generated by org.testng.reporters.JUnitReportReporter -->
<testsuite skipped="0" hostname="DESKTOP-CP4RQU0" name="CucumberOpt.TestRunner" tests="1" failures="0" timestamp="09 Dec 2019 09:16:02 GMT" time="24.504" errors="0">
  <testcase name="feature" time="24.504" classname="CucumberOpt.TestRunner"/>
</testsuite> <!-- CucumberOpt.TestRunner -->
